/home/carson/ros2_ws/src/gentact_descriptions/install/gentact_descriptions/lib/python3.10/site-packages/gentact_descriptions/__init__.py
/home/carson/ros2_ws/src/gentact_descriptions/install/gentact_descriptions/lib/python3.10/site-packages/gentact_descriptions/__pycache__/__init__.cpython-310.pyc
/home/carson/ros2_ws/src/gentact_descriptions/install/gentact_descriptions/share/ament_index/resource_index/packages/gentact_descriptions
/home/carson/ros2_ws/src/gentact_descriptions/install/gentact_descriptions/share/gentact_descriptions/package.xml
/home/carson/ros2_ws/src/gentact_descriptions/install/gentact_descriptions/share/gentact_descriptions/launch/compile_franka.launch.py
/home/carson/ros2_ws/src/gentact_descriptions/install/gentact_descriptions/share/gentact_descriptions/launch/compile_urdf.launch.py
/home/carson/ros2_ws/src/gentact_descriptions/install/gentact_descriptions/share/gentact_descriptions/config/base_skin.yaml
/home/carson/ros2_ws/src/gentact_descriptions/install/gentact_descriptions/share/gentact_descriptions/config/hybrid.yaml
/home/carson/ros2_ws/src/gentact_descriptions/install/gentact_descriptions/share/gentact_descriptions/meshes/robot_arms/fr3/visual/link3.dae
/home/carson/ros2_ws/src/gentact_descriptions/install/gentact_descriptions/share/gentact_descriptions/meshes/robot_arms/fr3/visual/link2.dae
/home/carson/ros2_ws/src/gentact_descriptions/install/gentact_descriptions/share/gentact_descriptions/meshes/robot_arms/fr3/visual/hand.dae
/home/carson/ros2_ws/src/gentact_descriptions/install/gentact_descriptions/share/gentact_descriptions/meshes/robot_arms/fr3/visual/link1.dae
/home/carson/ros2_ws/src/gentact_descriptions/install/gentact_descriptions/share/gentact_descriptions/meshes/robot_arms/fr3/visual/link4.dae
/home/carson/ros2_ws/src/gentact_descriptions/install/gentact_descriptions/share/gentact_descriptions/meshes/robot_arms/fr3/visual/link7.dae
/home/carson/ros2_ws/src/gentact_descriptions/install/gentact_descriptions/share/gentact_descriptions/meshes/robot_arms/fr3/visual/link5.dae
/home/carson/ros2_ws/src/gentact_descriptions/install/gentact_descriptions/share/gentact_descriptions/meshes/robot_arms/fr3/visual/finger.dae
/home/carson/ros2_ws/src/gentact_descriptions/install/gentact_descriptions/share/gentact_descriptions/meshes/robot_arms/fr3/visual/link6.dae
/home/carson/ros2_ws/src/gentact_descriptions/install/gentact_descriptions/share/gentact_descriptions/meshes/robot_arms/fr3/visual/link0.dae
/home/carson/ros2_ws/src/gentact_descriptions/install/gentact_descriptions/share/gentact_descriptions/meshes/robot_arms/fr3/collision/link6.stl
/home/carson/ros2_ws/src/gentact_descriptions/install/gentact_descriptions/share/gentact_descriptions/meshes/robot_arms/fr3/collision/hand.stl
/home/carson/ros2_ws/src/gentact_descriptions/install/gentact_descriptions/share/gentact_descriptions/meshes/robot_arms/fr3/collision/link4.stl
/home/carson/ros2_ws/src/gentact_descriptions/install/gentact_descriptions/share/gentact_descriptions/meshes/robot_arms/fr3/collision/link1.stl
/home/carson/ros2_ws/src/gentact_descriptions/install/gentact_descriptions/share/gentact_descriptions/meshes/robot_arms/fr3/collision/link0.stl
/home/carson/ros2_ws/src/gentact_descriptions/install/gentact_descriptions/share/gentact_descriptions/meshes/robot_arms/fr3/collision/link7.stl
/home/carson/ros2_ws/src/gentact_descriptions/install/gentact_descriptions/share/gentact_descriptions/meshes/robot_arms/fr3/collision/link3.stl
/home/carson/ros2_ws/src/gentact_descriptions/install/gentact_descriptions/share/gentact_descriptions/meshes/robot_arms/fr3/collision/link5.stl
/home/carson/ros2_ws/src/gentact_descriptions/install/gentact_descriptions/share/gentact_descriptions/meshes/robot_arms/fr3/collision/link2.stl
/home/carson/ros2_ws/src/gentact_descriptions/install/gentact_descriptions/share/gentact_descriptions/meshes/robot_ee/franka_hand_white/visual/hand.dae
/home/carson/ros2_ws/src/gentact_descriptions/install/gentact_descriptions/share/gentact_descriptions/meshes/robot_ee/franka_hand_white/visual/finger.dae
/home/carson/ros2_ws/src/gentact_descriptions/install/gentact_descriptions/share/gentact_descriptions/meshes/robot_ee/franka_hand_white/collision/hand.stl
/home/carson/ros2_ws/src/gentact_descriptions/install/gentact_descriptions/share/gentact_descriptions/meshes/robot_ee/franka_hand_black/visual/hand.dae
/home/carson/ros2_ws/src/gentact_descriptions/install/gentact_descriptions/share/gentact_descriptions/meshes/robot_ee/franka_hand_black/visual/finger.dae
/home/carson/ros2_ws/src/gentact_descriptions/install/gentact_descriptions/share/gentact_descriptions/meshes/robot_ee/franka_hand_black/collision/hand.stl
/home/carson/ros2_ws/src/gentact_descriptions/install/gentact_descriptions/share/gentact_descriptions/meshes/robot_ee/cobot_pump/visual/cobot_pump.dae
/home/carson/ros2_ws/src/gentact_descriptions/install/gentact_descriptions/share/gentact_descriptions/meshes/robot_ee/cobot_pump/collision/cobot_pump.stl
/home/carson/ros2_ws/src/gentact_descriptions/install/gentact_descriptions/share/gentact_descriptions/meshes/skin/spad/link5_spad.stl
/home/carson/ros2_ws/src/gentact_descriptions/install/gentact_descriptions/share/gentact_descriptions/meshes/skin/self-cap/link6_fancy.stl
/home/carson/ros2_ws/src/gentact_descriptions/install/gentact_descriptions/share/gentact_descriptions/meshes/skin/self-cap/link4_fancy.stl
/home/carson/ros2_ws/src/gentact_descriptions/install/gentact_descriptions/share/gentact_descriptions/meshes/skin/self-cap/link3_base.stl
/home/carson/ros2_ws/src/gentact_descriptions/install/gentact_descriptions/share/gentact_descriptions/meshes/skin/self-cap/link1_fancy.stl
/home/carson/ros2_ws/src/gentact_descriptions/install/gentact_descriptions/share/gentact_descriptions/meshes/skin/self-cap/link6_base.stl
/home/carson/ros2_ws/src/gentact_descriptions/install/gentact_descriptions/share/gentact_descriptions/meshes/skin/self-cap/link5_base.stl
/home/carson/ros2_ws/src/gentact_descriptions/install/gentact_descriptions/share/gentact_descriptions/meshes/skin/self-cap/link5_fancy.stl
/home/carson/ros2_ws/src/gentact_descriptions/install/gentact_descriptions/share/gentact_descriptions/meshes/skin/self-cap/link6_big.stl
/home/carson/ros2_ws/src/gentact_descriptions/install/gentact_descriptions/share/gentact_descriptions/meshes/skin/self-cap/link2_fancy.stl
/home/carson/ros2_ws/src/gentact_descriptions/install/gentact_descriptions/share/gentact_descriptions/meshes/skin/self-cap/link3_fancy.stl
/home/carson/ros2_ws/src/gentact_descriptions/install/gentact_descriptions/share/gentact_descriptions/meshes/skin/self-cap/link2_base.stl
/home/carson/ros2_ws/src/gentact_descriptions/install/gentact_descriptions/share/gentact_descriptions/meshes/end_effectors/sphere_tip3.stl
/home/carson/ros2_ws/src/gentact_descriptions/install/gentact_descriptions/share/gentact_descriptions/meshes/end_effectors/large_plate_ee.stl
/home/carson/ros2_ws/src/gentact_descriptions/install/gentact_descriptions/share/gentact_descriptions/urdf/end_effectors_old/large_plate_ee.xacro
/home/carson/ros2_ws/src/gentact_descriptions/install/gentact_descriptions/share/gentact_descriptions/urdf/end_effectors_old/sphere_ee.xacro
/home/carson/ros2_ws/src/gentact_descriptions/install/gentact_descriptions/share/gentact_descriptions/urdf/end_effectors_old/ee_base.xacro
/home/carson/ros2_ws/src/gentact_descriptions/install/gentact_descriptions/share/gentact_descriptions/urdf/calibration/link5.xacro
/home/carson/ros2_ws/src/gentact_descriptions/install/gentact_descriptions/share/gentact_descriptions/urdf/compiled/fr3_full.urdf
/home/carson/ros2_ws/src/gentact_descriptions/install/gentact_descriptions/share/gentact_descriptions/urdf/compiled/fr3_full_base.urdf
/home/carson/ros2_ws/src/gentact_descriptions/install/gentact_descriptions/share/gentact_descriptions/robots/fr3/joint_limits.yaml
/home/carson/ros2_ws/src/gentact_descriptions/install/gentact_descriptions/share/gentact_descriptions/robots/fr3/fr3_full_skin.urdf.xacro
/home/carson/ros2_ws/src/gentact_descriptions/install/gentact_descriptions/share/gentact_descriptions/robots/fr3/dynamics.yaml
/home/carson/ros2_ws/src/gentact_descriptions/install/gentact_descriptions/share/gentact_descriptions/robots/fr3/inertials.yaml
/home/carson/ros2_ws/src/gentact_descriptions/install/gentact_descriptions/share/gentact_descriptions/robots/fr3/fr3.urdf.xacro
/home/carson/ros2_ws/src/gentact_descriptions/install/gentact_descriptions/share/gentact_descriptions/robots/fr3/kinematics.yaml
/home/carson/ros2_ws/src/gentact_descriptions/install/gentact_descriptions/share/gentact_descriptions/robots/h1-2/h1_2_handless.urdf
/home/carson/ros2_ws/src/gentact_descriptions/install/gentact_descriptions/share/gentact_descriptions/robots/h1-2/h1_2_torso_skin2.urdf
/home/carson/ros2_ws/src/gentact_descriptions/install/gentact_descriptions/share/gentact_descriptions/robots/h1-2/h1_2_torso_skin.urdf
/home/carson/ros2_ws/src/gentact_descriptions/install/gentact_descriptions/share/gentact_descriptions/robots/h1-2/h1_2_torso_skin3.urdf
/home/carson/ros2_ws/src/gentact_descriptions/install/gentact_descriptions/share/gentact_descriptions/robots/h1-2/h1_2_handless.urdf.xacro
/home/carson/ros2_ws/src/gentact_descriptions/install/gentact_descriptions/share/gentact_descriptions/robots/h1-2/h1_2_handless_skintest.urdf
/home/carson/ros2_ws/src/gentact_descriptions/install/gentact_descriptions/share/gentact_descriptions/robots/h1-2/skin/elbow_R_skin.xacro
/home/carson/ros2_ws/src/gentact_descriptions/install/gentact_descriptions/share/gentact_descriptions/robots/h1-2/skin/shoulder_yaw_L_skin.xacro
/home/carson/ros2_ws/src/gentact_descriptions/install/gentact_descriptions/share/gentact_descriptions/robots/h1-2/skin/right_shoulder_roll_skin.xacro
/home/carson/ros2_ws/src/gentact_descriptions/install/gentact_descriptions/share/gentact_descriptions/robots/h1-2/skin/torso_skin.xacro
/home/carson/ros2_ws/src/gentact_descriptions/install/gentact_descriptions/share/gentact_descriptions/robots/h1-2/skin/elbow_L_skin.xacro
/home/carson/ros2_ws/src/gentact_descriptions/install/gentact_descriptions/share/gentact_descriptions/robots/h1-2/skin/shoulder_yaw_R_skin.xacro
/home/carson/ros2_ws/src/gentact_descriptions/install/gentact_descriptions/share/gentact_descriptions/robots/h1-2/skin/shoulder_roll_L_skin.xacro
/home/carson/ros2_ws/src/gentact_descriptions/install/gentact_descriptions/share/gentact_descriptions/robots/h1-2/skin/head_skin.xacro
/home/carson/ros2_ws/src/gentact_descriptions/install/gentact_descriptions/share/gentact_descriptions/robots/h1-2/skin/shoulder_roll_R_skin.xacro
/home/carson/ros2_ws/src/gentact_descriptions/install/gentact_descriptions/share/gentact_descriptions/robots/h1-2/meshes/R_index_intermediate.STL
/home/carson/ros2_ws/src/gentact_descriptions/install/gentact_descriptions/share/gentact_descriptions/robots/h1-2/meshes/L_hand_base_link.STL
/home/carson/ros2_ws/src/gentact_descriptions/install/gentact_descriptions/share/gentact_descriptions/robots/h1-2/meshes/R_hand_base_link.STL
/home/carson/ros2_ws/src/gentact_descriptions/install/gentact_descriptions/share/gentact_descriptions/robots/h1-2/meshes/right_ankle_pitch_link.STL
/home/carson/ros2_ws/src/gentact_descriptions/install/gentact_descriptions/share/gentact_descriptions/robots/h1-2/meshes/right_ankle_B_link.STL
/home/carson/ros2_ws/src/gentact_descriptions/install/gentact_descriptions/share/gentact_descriptions/robots/h1-2/meshes/R_thumb_proximal.STL
/home/carson/ros2_ws/src/gentact_descriptions/install/gentact_descriptions/share/gentact_descriptions/robots/h1-2/meshes/right_hip_roll_link.STL
/home/carson/ros2_ws/src/gentact_descriptions/install/gentact_descriptions/share/gentact_descriptions/robots/h1-2/meshes/right_ankle_roll_link.STL
/home/carson/ros2_ws/src/gentact_descriptions/install/gentact_descriptions/share/gentact_descriptions/robots/h1-2/meshes/L_thumb_proximal_base.STL
/home/carson/ros2_ws/src/gentact_descriptions/install/gentact_descriptions/share/gentact_descriptions/robots/h1-2/meshes/left_ankle_B_rod_link.STL
/home/carson/ros2_ws/src/gentact_descriptions/install/gentact_descriptions/share/gentact_descriptions/robots/h1-2/meshes/pelvis.STL
/home/carson/ros2_ws/src/gentact_descriptions/install/gentact_descriptions/share/gentact_descriptions/robots/h1-2/meshes/link14_R.STL
/home/carson/ros2_ws/src/gentact_descriptions/install/gentact_descriptions/share/gentact_descriptions/robots/h1-2/meshes/R_index_proximal.STL
/home/carson/ros2_ws/src/gentact_descriptions/install/gentact_descriptions/share/gentact_descriptions/robots/h1-2/meshes/right_ankle_B_rod_link.STL
/home/carson/ros2_ws/src/gentact_descriptions/install/gentact_descriptions/share/gentact_descriptions/robots/h1-2/meshes/L_index_intermediate.STL
/home/carson/ros2_ws/src/gentact_descriptions/install/gentact_descriptions/share/gentact_descriptions/robots/h1-2/meshes/R_thumb_intermediate.STL
/home/carson/ros2_ws/src/gentact_descriptions/install/gentact_descriptions/share/gentact_descriptions/robots/h1-2/meshes/right_hand_link.STL
/home/carson/ros2_ws/src/gentact_descriptions/install/gentact_descriptions/share/gentact_descriptions/robots/h1-2/meshes/L_thumb_intermediate.STL
/home/carson/ros2_ws/src/gentact_descriptions/install/gentact_descriptions/share/gentact_descriptions/robots/h1-2/meshes/left_wrist_roll_link.STL
/home/carson/ros2_ws/src/gentact_descriptions/install/gentact_descriptions/share/gentact_descriptions/robots/h1-2/meshes/L_pinky_proximal.STL
/home/carson/ros2_ws/src/gentact_descriptions/install/gentact_descriptions/share/gentact_descriptions/robots/h1-2/meshes/link15_R.STL
/home/carson/ros2_ws/src/gentact_descriptions/install/gentact_descriptions/share/gentact_descriptions/robots/h1-2/meshes/right_ankle_A_link.STL
/home/carson/ros2_ws/src/gentact_descriptions/install/gentact_descriptions/share/gentact_descriptions/robots/h1-2/meshes/link13_L.STL
/home/carson/ros2_ws/src/gentact_descriptions/install/gentact_descriptions/share/gentact_descriptions/robots/h1-2/meshes/left_ankle_roll_link.STL
/home/carson/ros2_ws/src/gentact_descriptions/install/gentact_descriptions/share/gentact_descriptions/robots/h1-2/meshes/wrist_yaw_link.STL
/home/carson/ros2_ws/src/gentact_descriptions/install/gentact_descriptions/share/gentact_descriptions/robots/h1-2/meshes/right_shoulder_yaw_link.STL
/home/carson/ros2_ws/src/gentact_descriptions/install/gentact_descriptions/share/gentact_descriptions/robots/h1-2/meshes/R_middle_proximal.STL
/home/carson/ros2_ws/src/gentact_descriptions/install/gentact_descriptions/share/gentact_descriptions/robots/h1-2/meshes/link19_R.STL
/home/carson/ros2_ws/src/gentact_descriptions/install/gentact_descriptions/share/gentact_descriptions/robots/h1-2/meshes/right_elbow_link.STL
/home/carson/ros2_ws/src/gentact_descriptions/install/gentact_descriptions/share/gentact_descriptions/robots/h1-2/meshes/link15_L.STL
/home/carson/ros2_ws/src/gentact_descriptions/install/gentact_descriptions/share/gentact_descriptions/robots/h1-2/meshes/L_middle_intermediate.STL
/home/carson/ros2_ws/src/gentact_descriptions/install/gentact_descriptions/share/gentact_descriptions/robots/h1-2/meshes/link16_R.STL
/home/carson/ros2_ws/src/gentact_descriptions/install/gentact_descriptions/share/gentact_descriptions/robots/h1-2/meshes/left_hip_pitch_link.STL
/home/carson/ros2_ws/src/gentact_descriptions/install/gentact_descriptions/share/gentact_descriptions/robots/h1-2/meshes/left_ankle_B_link.STL
/home/carson/ros2_ws/src/gentact_descriptions/install/gentact_descriptions/share/gentact_descriptions/robots/h1-2/meshes/torso_link.STL
/home/carson/ros2_ws/src/gentact_descriptions/install/gentact_descriptions/share/gentact_descriptions/robots/h1-2/meshes/R_middle_intermediate.STL
/home/carson/ros2_ws/src/gentact_descriptions/install/gentact_descriptions/share/gentact_descriptions/robots/h1-2/meshes/left_ankle_A_link.STL
/home/carson/ros2_ws/src/gentact_descriptions/install/gentact_descriptions/share/gentact_descriptions/robots/h1-2/meshes/L_middle_proximal.STL
/home/carson/ros2_ws/src/gentact_descriptions/install/gentact_descriptions/share/gentact_descriptions/robots/h1-2/meshes/logo_link.STL
/home/carson/ros2_ws/src/gentact_descriptions/install/gentact_descriptions/share/gentact_descriptions/robots/h1-2/meshes/L_thumb_distal.STL
/home/carson/ros2_ws/src/gentact_descriptions/install/gentact_descriptions/share/gentact_descriptions/robots/h1-2/meshes/link17_R.STL
/home/carson/ros2_ws/src/gentact_descriptions/install/gentact_descriptions/share/gentact_descriptions/robots/h1-2/meshes/L_ring_intermediate.STL
/home/carson/ros2_ws/src/gentact_descriptions/install/gentact_descriptions/share/gentact_descriptions/robots/h1-2/meshes/link22_L.STL
/home/carson/ros2_ws/src/gentact_descriptions/install/gentact_descriptions/share/gentact_descriptions/robots/h1-2/meshes/left_elbow_link.STL
/home/carson/ros2_ws/src/gentact_descriptions/install/gentact_descriptions/share/gentact_descriptions/robots/h1-2/meshes/link18_L.STL
/home/carson/ros2_ws/src/gentact_descriptions/install/gentact_descriptions/share/gentact_descriptions/robots/h1-2/meshes/left_shoulder_yaw_link.STL
/home/carson/ros2_ws/src/gentact_descriptions/install/gentact_descriptions/share/gentact_descriptions/robots/h1-2/meshes/link14_L.STL
/home/carson/ros2_ws/src/gentact_descriptions/install/gentact_descriptions/share/gentact_descriptions/robots/h1-2/meshes/link17_L.STL
/home/carson/ros2_ws/src/gentact_descriptions/install/gentact_descriptions/share/gentact_descriptions/robots/h1-2/meshes/left_hip_roll_link.STL
/home/carson/ros2_ws/src/gentact_descriptions/install/gentact_descriptions/share/gentact_descriptions/robots/h1-2/meshes/right_knee_link.STL
/home/carson/ros2_ws/src/gentact_descriptions/install/gentact_descriptions/share/gentact_descriptions/robots/h1-2/meshes/link13_R.STL
/home/carson/ros2_ws/src/gentact_descriptions/install/gentact_descriptions/share/gentact_descriptions/robots/h1-2/meshes/L_thumb_proximal.STL
/home/carson/ros2_ws/src/gentact_descriptions/install/gentact_descriptions/share/gentact_descriptions/robots/h1-2/meshes/right_shoulder_roll_link.STL
/home/carson/ros2_ws/src/gentact_descriptions/install/gentact_descriptions/share/gentact_descriptions/robots/h1-2/meshes/left_shoulder_pitch_link.STL
/home/carson/ros2_ws/src/gentact_descriptions/install/gentact_descriptions/share/gentact_descriptions/robots/h1-2/meshes/link16_L.STL
/home/carson/ros2_ws/src/gentact_descriptions/install/gentact_descriptions/share/gentact_descriptions/robots/h1-2/meshes/link21_L.STL
/home/carson/ros2_ws/src/gentact_descriptions/install/gentact_descriptions/share/gentact_descriptions/robots/h1-2/meshes/link12_R.STL
/home/carson/ros2_ws/src/gentact_descriptions/install/gentact_descriptions/share/gentact_descriptions/robots/h1-2/meshes/right_wrist_pitch_link.STL
/home/carson/ros2_ws/src/gentact_descriptions/install/gentact_descriptions/share/gentact_descriptions/robots/h1-2/meshes/right_shoulder_pitch_link.STL
/home/carson/ros2_ws/src/gentact_descriptions/install/gentact_descriptions/share/gentact_descriptions/robots/h1-2/meshes/left_shoulder_roll_link.STL
/home/carson/ros2_ws/src/gentact_descriptions/install/gentact_descriptions/share/gentact_descriptions/robots/h1-2/meshes/right_wrist_roll_link.STL
/home/carson/ros2_ws/src/gentact_descriptions/install/gentact_descriptions/share/gentact_descriptions/robots/h1-2/meshes/R_pinky_intermediate.STL
/home/carson/ros2_ws/src/gentact_descriptions/install/gentact_descriptions/share/gentact_descriptions/robots/h1-2/meshes/left_wrist_pitch_link.STL
/home/carson/ros2_ws/src/gentact_descriptions/install/gentact_descriptions/share/gentact_descriptions/robots/h1-2/meshes/L_index_proximal.STL
/home/carson/ros2_ws/src/gentact_descriptions/install/gentact_descriptions/share/gentact_descriptions/robots/h1-2/meshes/R_thumb_proximal_base.STL
/home/carson/ros2_ws/src/gentact_descriptions/install/gentact_descriptions/share/gentact_descriptions/robots/h1-2/meshes/right_ankle_link.STL
/home/carson/ros2_ws/src/gentact_descriptions/install/gentact_descriptions/share/gentact_descriptions/robots/h1-2/meshes/left_ankle_A_rod_link.STL
/home/carson/ros2_ws/src/gentact_descriptions/install/gentact_descriptions/share/gentact_descriptions/robots/h1-2/meshes/link12_L.STL
/home/carson/ros2_ws/src/gentact_descriptions/install/gentact_descriptions/share/gentact_descriptions/robots/h1-2/meshes/L_ring_proximal.STL
/home/carson/ros2_ws/src/gentact_descriptions/install/gentact_descriptions/share/gentact_descriptions/robots/h1-2/meshes/R_thumb_distal.STL
/home/carson/ros2_ws/src/gentact_descriptions/install/gentact_descriptions/share/gentact_descriptions/robots/h1-2/meshes/left_hip_yaw_link.STL
/home/carson/ros2_ws/src/gentact_descriptions/install/gentact_descriptions/share/gentact_descriptions/robots/h1-2/meshes/right_pitch_link.STL
/home/carson/ros2_ws/src/gentact_descriptions/install/gentact_descriptions/share/gentact_descriptions/robots/h1-2/meshes/R_pinky_proximal.STL
/home/carson/ros2_ws/src/gentact_descriptions/install/gentact_descriptions/share/gentact_descriptions/robots/h1-2/meshes/right_hip_pitch_link.STL
/home/carson/ros2_ws/src/gentact_descriptions/install/gentact_descriptions/share/gentact_descriptions/robots/h1-2/meshes/left_ankle_pitch_link.STL
/home/carson/ros2_ws/src/gentact_descriptions/install/gentact_descriptions/share/gentact_descriptions/robots/h1-2/meshes/left_knee_link.STL
/home/carson/ros2_ws/src/gentact_descriptions/install/gentact_descriptions/share/gentact_descriptions/robots/h1-2/meshes/left_hand_link.STL
/home/carson/ros2_ws/src/gentact_descriptions/install/gentact_descriptions/share/gentact_descriptions/robots/h1-2/meshes/link20_L.STL
/home/carson/ros2_ws/src/gentact_descriptions/install/gentact_descriptions/share/gentact_descriptions/robots/h1-2/meshes/link18_R.STL
/home/carson/ros2_ws/src/gentact_descriptions/install/gentact_descriptions/share/gentact_descriptions/robots/h1-2/meshes/link22_R.STL
/home/carson/ros2_ws/src/gentact_descriptions/install/gentact_descriptions/share/gentact_descriptions/robots/h1-2/meshes/right_ankle_A_rod_link.STL
/home/carson/ros2_ws/src/gentact_descriptions/install/gentact_descriptions/share/gentact_descriptions/robots/h1-2/meshes/L_pinky_intermediate.STL
/home/carson/ros2_ws/src/gentact_descriptions/install/gentact_descriptions/share/gentact_descriptions/robots/h1-2/meshes/right_hip_yaw_link.STL
/home/carson/ros2_ws/src/gentact_descriptions/install/gentact_descriptions/share/gentact_descriptions/robots/h1-2/meshes/link20_R.STL
/home/carson/ros2_ws/src/gentact_descriptions/install/gentact_descriptions/share/gentact_descriptions/robots/h1-2/meshes/R_ring_intermediate.STL
/home/carson/ros2_ws/src/gentact_descriptions/install/gentact_descriptions/share/gentact_descriptions/robots/h1-2/meshes/R_ring_proximal.STL
/home/carson/ros2_ws/src/gentact_descriptions/install/gentact_descriptions/share/gentact_descriptions/robots/h1-2/meshes/link19_L.STL
/home/carson/ros2_ws/src/gentact_descriptions/install/gentact_descriptions/share/gentact_descriptions/robots/h1-2/meshes/link21_R.STL
/home/carson/ros2_ws/src/gentact_descriptions/install/gentact_descriptions/share/gentact_descriptions/robots/h1-2/meshes/link11_R.STL
/home/carson/ros2_ws/src/gentact_descriptions/install/gentact_descriptions/share/gentact_descriptions/robots/h1-2/meshes/link11_L.STL
/home/carson/ros2_ws/src/gentact_descriptions/install/gentact_descriptions/share/gentact_descriptions/robots/h1-2/meshes/skin/shoulder_roll_R_skin.stl
/home/carson/ros2_ws/src/gentact_descriptions/install/gentact_descriptions/share/gentact_descriptions/robots/h1-2/meshes/skin/shoulder_yaw_L_skin.stl
/home/carson/ros2_ws/src/gentact_descriptions/install/gentact_descriptions/share/gentact_descriptions/robots/h1-2/meshes/skin/elbow_L_skin.stl
/home/carson/ros2_ws/src/gentact_descriptions/install/gentact_descriptions/share/gentact_descriptions/robots/h1-2/meshes/skin/shoulder_yaw_R_skin.stl
/home/carson/ros2_ws/src/gentact_descriptions/install/gentact_descriptions/share/gentact_descriptions/robots/h1-2/meshes/skin/torso_skin.stl
/home/carson/ros2_ws/src/gentact_descriptions/install/gentact_descriptions/share/gentact_descriptions/robots/h1-2/meshes/skin/shoulder_roll_L_skin.stl
/home/carson/ros2_ws/src/gentact_descriptions/install/gentact_descriptions/share/gentact_descriptions/robots/h1-2/meshes/skin/elbow_R_skin.stl
/home/carson/ros2_ws/src/gentact_descriptions/install/gentact_descriptions/share/gentact_descriptions/robots/h1-2/meshes/skin/head_skin.stl
/home/carson/ros2_ws/src/gentact_descriptions/install/gentact_descriptions/share/gentact_descriptions/robots/common/utils.xacro
/home/carson/ros2_ws/src/gentact_descriptions/install/gentact_descriptions/share/gentact_descriptions/robots/common/franka_robot.xacro
/home/carson/ros2_ws/src/gentact_descriptions/install/gentact_descriptions/share/gentact_descriptions/robots/common/franka_arm.ros2_control.xacro
/home/carson/ros2_ws/src/gentact_descriptions/install/gentact_descriptions/share/gentact_descriptions/robots/common/franka_arm.xacro
/home/carson/ros2_ws/src/gentact_descriptions/install/gentact_descriptions/share/gentact_descriptions/robots/common/skin_unit_base.xacro
/home/carson/ros2_ws/src/gentact_descriptions/install/gentact_descriptions/share/gentact_descriptions/robots/skin/link1_fancy.xacro
/home/carson/ros2_ws/src/gentact_descriptions/install/gentact_descriptions/share/gentact_descriptions/robots/skin/link1_base.xacro
/home/carson/ros2_ws/src/gentact_descriptions/install/gentact_descriptions/share/gentact_descriptions/robots/skin/link6_fancy.xacro
/home/carson/ros2_ws/src/gentact_descriptions/install/gentact_descriptions/share/gentact_descriptions/robots/skin/link6_big.xacro
/home/carson/ros2_ws/src/gentact_descriptions/install/gentact_descriptions/share/gentact_descriptions/robots/skin/link2_fancy.xacro
/home/carson/ros2_ws/src/gentact_descriptions/install/gentact_descriptions/share/gentact_descriptions/robots/skin/link4_base.xacro
/home/carson/ros2_ws/src/gentact_descriptions/install/gentact_descriptions/share/gentact_descriptions/robots/skin/link6_base.xacro
/home/carson/ros2_ws/src/gentact_descriptions/install/gentact_descriptions/share/gentact_descriptions/robots/skin/link4_fancy.xacro
/home/carson/ros2_ws/src/gentact_descriptions/install/gentact_descriptions/share/gentact_descriptions/robots/skin/link2_base.xacro
/home/carson/ros2_ws/src/gentact_descriptions/install/gentact_descriptions/share/gentact_descriptions/robots/skin/link3_base.xacro
/home/carson/ros2_ws/src/gentact_descriptions/install/gentact_descriptions/share/gentact_descriptions/robots/skin/link5_base.xacro
/home/carson/ros2_ws/src/gentact_descriptions/install/gentact_descriptions/share/gentact_descriptions/robots/skin/link5_fancy.xacro
/home/carson/ros2_ws/src/gentact_descriptions/install/gentact_descriptions/share/gentact_descriptions/robots/skin/link5_spad.xacro
/home/carson/ros2_ws/src/gentact_descriptions/install/gentact_descriptions/share/gentact_descriptions/robots/skin/link3_fancy.xacro
/home/carson/ros2_ws/src/gentact_descriptions/install/gentact_descriptions/share/gentact_descriptions/end_effectors/common/utils.xacro
/home/carson/ros2_ws/src/gentact_descriptions/install/gentact_descriptions/share/gentact_descriptions/end_effectors/common/ee_with_one_link.xacro
/home/carson/ros2_ws/src/gentact_descriptions/install/gentact_descriptions/share/gentact_descriptions/end_effectors/common/franka_hand.xacro
/home/carson/ros2_ws/src/gentact_descriptions/install/gentact_descriptions/share/gentact_descriptions/end_effectors/cobot_pump/cobot_pump_arguments.xacro
/home/carson/ros2_ws/src/gentact_descriptions/install/gentact_descriptions/share/gentact_descriptions/end_effectors/cobot_pump/cobot_pump.urdf.xacro
/home/carson/ros2_ws/src/gentact_descriptions/install/gentact_descriptions/share/gentact_descriptions/end_effectors/cobot_pump/inertials.yaml
/home/carson/ros2_ws/src/gentact_descriptions/install/gentact_descriptions/share/gentact_descriptions/end_effectors/franka_hand/franka_hand_arguments.xacro
/home/carson/ros2_ws/src/gentact_descriptions/install/gentact_descriptions/share/gentact_descriptions/end_effectors/franka_hand/franka_hand.urdf.xacro
/home/carson/ros2_ws/src/gentact_descriptions/install/gentact_descriptions/share/gentact_descriptions/end_effectors/franka_hand/franka_hand.srdf.xacro
/home/carson/ros2_ws/src/gentact_descriptions/install/gentact_descriptions/share/gentact_descriptions/end_effectors/franka_hand/inertials.yaml
/home/carson/ros2_ws/src/gentact_descriptions/install/gentact_descriptions/lib/python3.10/site-packages/gentact_descriptions-0.0.0-py3.10.egg-info/top_level.txt
/home/carson/ros2_ws/src/gentact_descriptions/install/gentact_descriptions/lib/python3.10/site-packages/gentact_descriptions-0.0.0-py3.10.egg-info/requires.txt
/home/carson/ros2_ws/src/gentact_descriptions/install/gentact_descriptions/lib/python3.10/site-packages/gentact_descriptions-0.0.0-py3.10.egg-info/PKG-INFO
/home/carson/ros2_ws/src/gentact_descriptions/install/gentact_descriptions/lib/python3.10/site-packages/gentact_descriptions-0.0.0-py3.10.egg-info/SOURCES.txt
/home/carson/ros2_ws/src/gentact_descriptions/install/gentact_descriptions/lib/python3.10/site-packages/gentact_descriptions-0.0.0-py3.10.egg-info/dependency_links.txt
/home/carson/ros2_ws/src/gentact_descriptions/install/gentact_descriptions/lib/python3.10/site-packages/gentact_descriptions-0.0.0-py3.10.egg-info/zip-safe
