[0.750s] Invoking command in '/home/carson/ros2_ws/src/gentact_descriptions': CONDA_PROMPT_MODIFIER=(base) PYTHONPATH=/home/carson/ros2_ws/src/gentact_descriptions/build/gentact_descriptions/prefix_override:/usr/lib/python3/dist-packages/colcon_core/task/python/colcon_distutils_commands:/home/carson/ros2_ws/src/gentact_descriptions/install/gentact_descriptions/lib/python3.10/site-packages:${PYTHONPATH} /usr/bin/python3 -W ignore:setup.py install is deprecated -W ignore:easy_install command is deprecated setup.py egg_info --egg-base build/gentact_descriptions build --build-base /home/carson/ros2_ws/src/gentact_descriptions/build/gentact_descriptions/build install --record /home/carson/ros2_ws/src/gentact_descriptions/build/gentact_descriptions/install.log --single-version-externally-managed install_data
[1.054s] running egg_info
[1.054s] creating build/gentact_descriptions/gentact_descriptions.egg-info
[1.066s] writing build/gentact_descriptions/gentact_descriptions.egg-info/PKG-INFO
[1.067s] writing dependency_links to build/gentact_descriptions/gentact_descriptions.egg-info/dependency_links.txt
[1.067s] writing requirements to build/gentact_descriptions/gentact_descriptions.egg-info/requires.txt
[1.067s] writing top-level names to build/gentact_descriptions/gentact_descriptions.egg-info/top_level.txt
[1.067s] writing manifest file 'build/gentact_descriptions/gentact_descriptions.egg-info/SOURCES.txt'
[1.093s] reading manifest file 'build/gentact_descriptions/gentact_descriptions.egg-info/SOURCES.txt'
[1.093s] adding license file 'LICENSE'
[1.095s] writing manifest file 'build/gentact_descriptions/gentact_descriptions.egg-info/SOURCES.txt'
[1.095s] running build
[1.095s] running build_py
[1.095s] creating /home/carson/ros2_ws/src/gentact_descriptions/build/gentact_descriptions/build
[1.095s] creating /home/carson/ros2_ws/src/gentact_descriptions/build/gentact_descriptions/build/lib
[1.095s] creating /home/carson/ros2_ws/src/gentact_descriptions/build/gentact_descriptions/build/lib/gentact_descriptions
[1.095s] copying gentact_descriptions/__init__.py -> /home/carson/ros2_ws/src/gentact_descriptions/build/gentact_descriptions/build/lib/gentact_descriptions
[1.095s] running install
[1.098s] running install_lib
[1.111s] creating /home/carson/ros2_ws/src/gentact_descriptions/install/gentact_descriptions/lib/python3.10/site-packages/gentact_descriptions
[1.112s] copying /home/carson/ros2_ws/src/gentact_descriptions/build/gentact_descriptions/build/lib/gentact_descriptions/__init__.py -> /home/carson/ros2_ws/src/gentact_descriptions/install/gentact_descriptions/lib/python3.10/site-packages/gentact_descriptions
[1.112s] byte-compiling /home/carson/ros2_ws/src/gentact_descriptions/install/gentact_descriptions/lib/python3.10/site-packages/gentact_descriptions/__init__.py to __init__.cpython-310.pyc
[1.112s] running install_data
[1.112s] creating /home/carson/ros2_ws/src/gentact_descriptions/install/gentact_descriptions/share/ament_index
[1.112s] creating /home/carson/ros2_ws/src/gentact_descriptions/install/gentact_descriptions/share/ament_index/resource_index
[1.112s] creating /home/carson/ros2_ws/src/gentact_descriptions/install/gentact_descriptions/share/ament_index/resource_index/packages
[1.112s] copying resource/gentact_descriptions -> /home/carson/ros2_ws/src/gentact_descriptions/install/gentact_descriptions/share/ament_index/resource_index/packages
[1.112s] copying package.xml -> /home/carson/ros2_ws/src/gentact_descriptions/install/gentact_descriptions/share/gentact_descriptions
[1.112s] creating /home/carson/ros2_ws/src/gentact_descriptions/install/gentact_descriptions/share/gentact_descriptions/launch
[1.112s] copying launch/compile_franka.launch.py -> /home/carson/ros2_ws/src/gentact_descriptions/install/gentact_descriptions/share/gentact_descriptions/launch
[1.113s] copying launch/compile_urdf.launch.py -> /home/carson/ros2_ws/src/gentact_descriptions/install/gentact_descriptions/share/gentact_descriptions/launch
[1.113s] creating /home/carson/ros2_ws/src/gentact_descriptions/install/gentact_descriptions/share/gentact_descriptions/config
[1.113s] copying config/base_skin.yaml -> /home/carson/ros2_ws/src/gentact_descriptions/install/gentact_descriptions/share/gentact_descriptions/config
[1.113s] copying config/hybrid.yaml -> /home/carson/ros2_ws/src/gentact_descriptions/install/gentact_descriptions/share/gentact_descriptions/config
[1.113s] creating /home/carson/ros2_ws/src/gentact_descriptions/install/gentact_descriptions/share/gentact_descriptions/meshes
[1.113s] creating /home/carson/ros2_ws/src/gentact_descriptions/install/gentact_descriptions/share/gentact_descriptions/meshes/robot_arms
[1.113s] creating /home/carson/ros2_ws/src/gentact_descriptions/install/gentact_descriptions/share/gentact_descriptions/meshes/robot_arms/fr3
[1.113s] creating /home/carson/ros2_ws/src/gentact_descriptions/install/gentact_descriptions/share/gentact_descriptions/meshes/robot_arms/fr3/visual
[1.113s] copying meshes/robot_arms/fr3/visual/link3.dae -> /home/carson/ros2_ws/src/gentact_descriptions/install/gentact_descriptions/share/gentact_descriptions/meshes/robot_arms/fr3/visual
[1.114s] copying meshes/robot_arms/fr3/visual/link2.dae -> /home/carson/ros2_ws/src/gentact_descriptions/install/gentact_descriptions/share/gentact_descriptions/meshes/robot_arms/fr3/visual
[1.115s] copying meshes/robot_arms/fr3/visual/hand.dae -> /home/carson/ros2_ws/src/gentact_descriptions/install/gentact_descriptions/share/gentact_descriptions/meshes/robot_arms/fr3/visual
[1.115s] copying meshes/robot_arms/fr3/visual/link1.dae -> /home/carson/ros2_ws/src/gentact_descriptions/install/gentact_descriptions/share/gentact_descriptions/meshes/robot_arms/fr3/visual
[1.116s] copying meshes/robot_arms/fr3/visual/link4.dae -> /home/carson/ros2_ws/src/gentact_descriptions/install/gentact_descriptions/share/gentact_descriptions/meshes/robot_arms/fr3/visual
[1.117s] copying meshes/robot_arms/fr3/visual/link7.dae -> /home/carson/ros2_ws/src/gentact_descriptions/install/gentact_descriptions/share/gentact_descriptions/meshes/robot_arms/fr3/visual
[1.118s] copying meshes/robot_arms/fr3/visual/link5.dae -> /home/carson/ros2_ws/src/gentact_descriptions/install/gentact_descriptions/share/gentact_descriptions/meshes/robot_arms/fr3/visual
[1.119s] copying meshes/robot_arms/fr3/visual/finger.dae -> /home/carson/ros2_ws/src/gentact_descriptions/install/gentact_descriptions/share/gentact_descriptions/meshes/robot_arms/fr3/visual
[1.119s] copying meshes/robot_arms/fr3/visual/link6.dae -> /home/carson/ros2_ws/src/gentact_descriptions/install/gentact_descriptions/share/gentact_descriptions/meshes/robot_arms/fr3/visual
[1.120s] copying meshes/robot_arms/fr3/visual/link0.dae -> /home/carson/ros2_ws/src/gentact_descriptions/install/gentact_descriptions/share/gentact_descriptions/meshes/robot_arms/fr3/visual
[1.121s] creating /home/carson/ros2_ws/src/gentact_descriptions/install/gentact_descriptions/share/gentact_descriptions/meshes/robot_arms/fr3/collision
[1.121s] copying meshes/robot_arms/fr3/collision/link6.stl -> /home/carson/ros2_ws/src/gentact_descriptions/install/gentact_descriptions/share/gentact_descriptions/meshes/robot_arms/fr3/collision
[1.122s] copying meshes/robot_arms/fr3/collision/hand.stl -> /home/carson/ros2_ws/src/gentact_descriptions/install/gentact_descriptions/share/gentact_descriptions/meshes/robot_arms/fr3/collision
[1.122s] copying meshes/robot_arms/fr3/collision/link4.stl -> /home/carson/ros2_ws/src/gentact_descriptions/install/gentact_descriptions/share/gentact_descriptions/meshes/robot_arms/fr3/collision
[1.122s] copying meshes/robot_arms/fr3/collision/link1.stl -> /home/carson/ros2_ws/src/gentact_descriptions/install/gentact_descriptions/share/gentact_descriptions/meshes/robot_arms/fr3/collision
[1.122s] copying meshes/robot_arms/fr3/collision/link0.stl -> /home/carson/ros2_ws/src/gentact_descriptions/install/gentact_descriptions/share/gentact_descriptions/meshes/robot_arms/fr3/collision
[1.122s] copying meshes/robot_arms/fr3/collision/link7.stl -> /home/carson/ros2_ws/src/gentact_descriptions/install/gentact_descriptions/share/gentact_descriptions/meshes/robot_arms/fr3/collision
[1.122s] copying meshes/robot_arms/fr3/collision/link3.stl -> /home/carson/ros2_ws/src/gentact_descriptions/install/gentact_descriptions/share/gentact_descriptions/meshes/robot_arms/fr3/collision
[1.122s] copying meshes/robot_arms/fr3/collision/link5.stl -> /home/carson/ros2_ws/src/gentact_descriptions/install/gentact_descriptions/share/gentact_descriptions/meshes/robot_arms/fr3/collision
[1.122s] copying meshes/robot_arms/fr3/collision/link2.stl -> /home/carson/ros2_ws/src/gentact_descriptions/install/gentact_descriptions/share/gentact_descriptions/meshes/robot_arms/fr3/collision
[1.122s] creating /home/carson/ros2_ws/src/gentact_descriptions/install/gentact_descriptions/share/gentact_descriptions/meshes/robot_ee
[1.122s] creating /home/carson/ros2_ws/src/gentact_descriptions/install/gentact_descriptions/share/gentact_descriptions/meshes/robot_ee/franka_hand_white
[1.122s] creating /home/carson/ros2_ws/src/gentact_descriptions/install/gentact_descriptions/share/gentact_descriptions/meshes/robot_ee/franka_hand_white/visual
[1.122s] copying meshes/robot_ee/franka_hand_white/visual/hand.dae -> /home/carson/ros2_ws/src/gentact_descriptions/install/gentact_descriptions/share/gentact_descriptions/meshes/robot_ee/franka_hand_white/visual
[1.123s] copying meshes/robot_ee/franka_hand_white/visual/finger.dae -> /home/carson/ros2_ws/src/gentact_descriptions/install/gentact_descriptions/share/gentact_descriptions/meshes/robot_ee/franka_hand_white/visual
[1.123s] creating /home/carson/ros2_ws/src/gentact_descriptions/install/gentact_descriptions/share/gentact_descriptions/meshes/robot_ee/franka_hand_white/collision
[1.123s] copying meshes/robot_ee/franka_hand_white/collision/hand.stl -> /home/carson/ros2_ws/src/gentact_descriptions/install/gentact_descriptions/share/gentact_descriptions/meshes/robot_ee/franka_hand_white/collision
[1.123s] creating /home/carson/ros2_ws/src/gentact_descriptions/install/gentact_descriptions/share/gentact_descriptions/meshes/robot_ee/franka_hand_black
[1.123s] creating /home/carson/ros2_ws/src/gentact_descriptions/install/gentact_descriptions/share/gentact_descriptions/meshes/robot_ee/franka_hand_black/visual
[1.123s] copying meshes/robot_ee/franka_hand_black/visual/hand.dae -> /home/carson/ros2_ws/src/gentact_descriptions/install/gentact_descriptions/share/gentact_descriptions/meshes/robot_ee/franka_hand_black/visual
[1.124s] copying meshes/robot_ee/franka_hand_black/visual/finger.dae -> /home/carson/ros2_ws/src/gentact_descriptions/install/gentact_descriptions/share/gentact_descriptions/meshes/robot_ee/franka_hand_black/visual
[1.124s] creating /home/carson/ros2_ws/src/gentact_descriptions/install/gentact_descriptions/share/gentact_descriptions/meshes/robot_ee/franka_hand_black/collision
[1.124s] copying meshes/robot_ee/franka_hand_black/collision/hand.stl -> /home/carson/ros2_ws/src/gentact_descriptions/install/gentact_descriptions/share/gentact_descriptions/meshes/robot_ee/franka_hand_black/collision
[1.124s] creating /home/carson/ros2_ws/src/gentact_descriptions/install/gentact_descriptions/share/gentact_descriptions/meshes/robot_ee/cobot_pump
[1.124s] creating /home/carson/ros2_ws/src/gentact_descriptions/install/gentact_descriptions/share/gentact_descriptions/meshes/robot_ee/cobot_pump/visual
[1.124s] copying meshes/robot_ee/cobot_pump/visual/cobot_pump.dae -> /home/carson/ros2_ws/src/gentact_descriptions/install/gentact_descriptions/share/gentact_descriptions/meshes/robot_ee/cobot_pump/visual
[1.131s] creating /home/carson/ros2_ws/src/gentact_descriptions/install/gentact_descriptions/share/gentact_descriptions/meshes/robot_ee/cobot_pump/collision
[1.131s] copying meshes/robot_ee/cobot_pump/collision/cobot_pump.stl -> /home/carson/ros2_ws/src/gentact_descriptions/install/gentact_descriptions/share/gentact_descriptions/meshes/robot_ee/cobot_pump/collision
[1.135s] creating /home/carson/ros2_ws/src/gentact_descriptions/install/gentact_descriptions/share/gentact_descriptions/meshes/skin
[1.135s] creating /home/carson/ros2_ws/src/gentact_descriptions/install/gentact_descriptions/share/gentact_descriptions/meshes/skin/spad
[1.135s] copying meshes/skin/spad/link5_spad.stl -> /home/carson/ros2_ws/src/gentact_descriptions/install/gentact_descriptions/share/gentact_descriptions/meshes/skin/spad
[1.136s] creating /home/carson/ros2_ws/src/gentact_descriptions/install/gentact_descriptions/share/gentact_descriptions/meshes/skin/self-cap
[1.136s] copying meshes/skin/self-cap/link6_fancy.stl -> /home/carson/ros2_ws/src/gentact_descriptions/install/gentact_descriptions/share/gentact_descriptions/meshes/skin/self-cap
[1.137s] copying meshes/skin/self-cap/link4_fancy.stl -> /home/carson/ros2_ws/src/gentact_descriptions/install/gentact_descriptions/share/gentact_descriptions/meshes/skin/self-cap
[1.139s] copying meshes/skin/self-cap/link3_base.stl -> /home/carson/ros2_ws/src/gentact_descriptions/install/gentact_descriptions/share/gentact_descriptions/meshes/skin/self-cap
[1.139s] copying meshes/skin/self-cap/link1_fancy.stl -> /home/carson/ros2_ws/src/gentact_descriptions/install/gentact_descriptions/share/gentact_descriptions/meshes/skin/self-cap
[1.144s] copying meshes/skin/self-cap/link6_base.stl -> /home/carson/ros2_ws/src/gentact_descriptions/install/gentact_descriptions/share/gentact_descriptions/meshes/skin/self-cap
[1.144s] copying meshes/skin/self-cap/link5_base.stl -> /home/carson/ros2_ws/src/gentact_descriptions/install/gentact_descriptions/share/gentact_descriptions/meshes/skin/self-cap
[1.144s] copying meshes/skin/self-cap/link5_fancy.stl -> /home/carson/ros2_ws/src/gentact_descriptions/install/gentact_descriptions/share/gentact_descriptions/meshes/skin/self-cap
[1.146s] copying meshes/skin/self-cap/link6_big.stl -> /home/carson/ros2_ws/src/gentact_descriptions/install/gentact_descriptions/share/gentact_descriptions/meshes/skin/self-cap
[1.148s] copying meshes/skin/self-cap/link2_fancy.stl -> /home/carson/ros2_ws/src/gentact_descriptions/install/gentact_descriptions/share/gentact_descriptions/meshes/skin/self-cap
[1.153s] copying meshes/skin/self-cap/link3_fancy.stl -> /home/carson/ros2_ws/src/gentact_descriptions/install/gentact_descriptions/share/gentact_descriptions/meshes/skin/self-cap
[1.155s] copying meshes/skin/self-cap/link2_base.stl -> /home/carson/ros2_ws/src/gentact_descriptions/install/gentact_descriptions/share/gentact_descriptions/meshes/skin/self-cap
[1.155s] creating /home/carson/ros2_ws/src/gentact_descriptions/install/gentact_descriptions/share/gentact_descriptions/meshes/end_effectors
[1.155s] copying meshes/end_effectors/sphere_tip3.stl -> /home/carson/ros2_ws/src/gentact_descriptions/install/gentact_descriptions/share/gentact_descriptions/meshes/end_effectors
[1.155s] copying meshes/end_effectors/large_plate_ee.stl -> /home/carson/ros2_ws/src/gentact_descriptions/install/gentact_descriptions/share/gentact_descriptions/meshes/end_effectors
[1.156s] creating /home/carson/ros2_ws/src/gentact_descriptions/install/gentact_descriptions/share/gentact_descriptions/urdf
[1.156s] creating /home/carson/ros2_ws/src/gentact_descriptions/install/gentact_descriptions/share/gentact_descriptions/urdf/end_effectors_old
[1.156s] copying urdf/end_effectors_old/large_plate_ee.xacro -> /home/carson/ros2_ws/src/gentact_descriptions/install/gentact_descriptions/share/gentact_descriptions/urdf/end_effectors_old
[1.156s] copying urdf/end_effectors_old/sphere_ee.xacro -> /home/carson/ros2_ws/src/gentact_descriptions/install/gentact_descriptions/share/gentact_descriptions/urdf/end_effectors_old
[1.156s] copying urdf/end_effectors_old/ee_base.xacro -> /home/carson/ros2_ws/src/gentact_descriptions/install/gentact_descriptions/share/gentact_descriptions/urdf/end_effectors_old
[1.156s] creating /home/carson/ros2_ws/src/gentact_descriptions/install/gentact_descriptions/share/gentact_descriptions/urdf/calibration
[1.156s] copying urdf/calibration/link5.xacro -> /home/carson/ros2_ws/src/gentact_descriptions/install/gentact_descriptions/share/gentact_descriptions/urdf/calibration
[1.156s] creating /home/carson/ros2_ws/src/gentact_descriptions/install/gentact_descriptions/share/gentact_descriptions/urdf/compiled
[1.156s] copying urdf/compiled/fr3_full.urdf -> /home/carson/ros2_ws/src/gentact_descriptions/install/gentact_descriptions/share/gentact_descriptions/urdf/compiled
[1.156s] copying urdf/compiled/fr3_full_base.urdf -> /home/carson/ros2_ws/src/gentact_descriptions/install/gentact_descriptions/share/gentact_descriptions/urdf/compiled
[1.156s] creating /home/carson/ros2_ws/src/gentact_descriptions/install/gentact_descriptions/share/gentact_descriptions/robots
[1.156s] creating /home/carson/ros2_ws/src/gentact_descriptions/install/gentact_descriptions/share/gentact_descriptions/robots/fr3
[1.156s] copying robots/fr3/joint_limits.yaml -> /home/carson/ros2_ws/src/gentact_descriptions/install/gentact_descriptions/share/gentact_descriptions/robots/fr3
[1.156s] copying robots/fr3/fr3_full_skin.urdf.xacro -> /home/carson/ros2_ws/src/gentact_descriptions/install/gentact_descriptions/share/gentact_descriptions/robots/fr3
[1.157s] copying robots/fr3/dynamics.yaml -> /home/carson/ros2_ws/src/gentact_descriptions/install/gentact_descriptions/share/gentact_descriptions/robots/fr3
[1.157s] copying robots/fr3/inertials.yaml -> /home/carson/ros2_ws/src/gentact_descriptions/install/gentact_descriptions/share/gentact_descriptions/robots/fr3
[1.157s] copying robots/fr3/fr3.urdf.xacro -> /home/carson/ros2_ws/src/gentact_descriptions/install/gentact_descriptions/share/gentact_descriptions/robots/fr3
[1.157s] copying robots/fr3/kinematics.yaml -> /home/carson/ros2_ws/src/gentact_descriptions/install/gentact_descriptions/share/gentact_descriptions/robots/fr3
[1.157s] creating /home/carson/ros2_ws/src/gentact_descriptions/install/gentact_descriptions/share/gentact_descriptions/robots/h1-2
[1.157s] copying robots/h1-2/h1_2_handless.urdf -> /home/carson/ros2_ws/src/gentact_descriptions/install/gentact_descriptions/share/gentact_descriptions/robots/h1-2
[1.157s] copying robots/h1-2/h1_2_torso_skin2.urdf -> /home/carson/ros2_ws/src/gentact_descriptions/install/gentact_descriptions/share/gentact_descriptions/robots/h1-2
[1.157s] copying robots/h1-2/h1_2_torso_skin.urdf -> /home/carson/ros2_ws/src/gentact_descriptions/install/gentact_descriptions/share/gentact_descriptions/robots/h1-2
[1.157s] copying robots/h1-2/h1_2_torso_skin3.urdf -> /home/carson/ros2_ws/src/gentact_descriptions/install/gentact_descriptions/share/gentact_descriptions/robots/h1-2
[1.157s] copying robots/h1-2/h1_2_handless.urdf.xacro -> /home/carson/ros2_ws/src/gentact_descriptions/install/gentact_descriptions/share/gentact_descriptions/robots/h1-2
[1.157s] copying robots/h1-2/h1_2_handless_skintest.urdf -> /home/carson/ros2_ws/src/gentact_descriptions/install/gentact_descriptions/share/gentact_descriptions/robots/h1-2
[1.158s] creating /home/carson/ros2_ws/src/gentact_descriptions/install/gentact_descriptions/share/gentact_descriptions/robots/h1-2/skin
[1.158s] copying robots/h1-2/skin/elbow_R_skin.xacro -> /home/carson/ros2_ws/src/gentact_descriptions/install/gentact_descriptions/share/gentact_descriptions/robots/h1-2/skin
[1.158s] copying robots/h1-2/skin/shoulder_yaw_L_skin.xacro -> /home/carson/ros2_ws/src/gentact_descriptions/install/gentact_descriptions/share/gentact_descriptions/robots/h1-2/skin
[1.158s] copying robots/h1-2/skin/right_shoulder_roll_skin.xacro -> /home/carson/ros2_ws/src/gentact_descriptions/install/gentact_descriptions/share/gentact_descriptions/robots/h1-2/skin
[1.158s] copying robots/h1-2/skin/torso_skin.xacro -> /home/carson/ros2_ws/src/gentact_descriptions/install/gentact_descriptions/share/gentact_descriptions/robots/h1-2/skin
[1.158s] copying robots/h1-2/skin/elbow_L_skin.xacro -> /home/carson/ros2_ws/src/gentact_descriptions/install/gentact_descriptions/share/gentact_descriptions/robots/h1-2/skin
[1.158s] copying robots/h1-2/skin/shoulder_yaw_R_skin.xacro -> /home/carson/ros2_ws/src/gentact_descriptions/install/gentact_descriptions/share/gentact_descriptions/robots/h1-2/skin
[1.158s] copying robots/h1-2/skin/shoulder_roll_L_skin.xacro -> /home/carson/ros2_ws/src/gentact_descriptions/install/gentact_descriptions/share/gentact_descriptions/robots/h1-2/skin
[1.158s] copying robots/h1-2/skin/head_skin.xacro -> /home/carson/ros2_ws/src/gentact_descriptions/install/gentact_descriptions/share/gentact_descriptions/robots/h1-2/skin
[1.158s] copying robots/h1-2/skin/shoulder_roll_R_skin.xacro -> /home/carson/ros2_ws/src/gentact_descriptions/install/gentact_descriptions/share/gentact_descriptions/robots/h1-2/skin
[1.158s] creating /home/carson/ros2_ws/src/gentact_descriptions/install/gentact_descriptions/share/gentact_descriptions/robots/h1-2/meshes
[1.158s] copying robots/h1-2/meshes/R_index_intermediate.STL -> /home/carson/ros2_ws/src/gentact_descriptions/install/gentact_descriptions/share/gentact_descriptions/robots/h1-2/meshes
[1.159s] copying robots/h1-2/meshes/L_hand_base_link.STL -> /home/carson/ros2_ws/src/gentact_descriptions/install/gentact_descriptions/share/gentact_descriptions/robots/h1-2/meshes
[1.160s] copying robots/h1-2/meshes/R_hand_base_link.STL -> /home/carson/ros2_ws/src/gentact_descriptions/install/gentact_descriptions/share/gentact_descriptions/robots/h1-2/meshes
[1.161s] copying robots/h1-2/meshes/right_ankle_pitch_link.STL -> /home/carson/ros2_ws/src/gentact_descriptions/install/gentact_descriptions/share/gentact_descriptions/robots/h1-2/meshes
[1.161s] copying robots/h1-2/meshes/right_ankle_B_link.STL -> /home/carson/ros2_ws/src/gentact_descriptions/install/gentact_descriptions/share/gentact_descriptions/robots/h1-2/meshes
[1.161s] copying robots/h1-2/meshes/R_thumb_proximal.STL -> /home/carson/ros2_ws/src/gentact_descriptions/install/gentact_descriptions/share/gentact_descriptions/robots/h1-2/meshes
[1.162s] copying robots/h1-2/meshes/right_hip_roll_link.STL -> /home/carson/ros2_ws/src/gentact_descriptions/install/gentact_descriptions/share/gentact_descriptions/robots/h1-2/meshes
[1.162s] copying robots/h1-2/meshes/right_ankle_roll_link.STL -> /home/carson/ros2_ws/src/gentact_descriptions/install/gentact_descriptions/share/gentact_descriptions/robots/h1-2/meshes
[1.162s] copying robots/h1-2/meshes/L_thumb_proximal_base.STL -> /home/carson/ros2_ws/src/gentact_descriptions/install/gentact_descriptions/share/gentact_descriptions/robots/h1-2/meshes
[1.162s] copying robots/h1-2/meshes/left_ankle_B_rod_link.STL -> /home/carson/ros2_ws/src/gentact_descriptions/install/gentact_descriptions/share/gentact_descriptions/robots/h1-2/meshes
[1.163s] copying robots/h1-2/meshes/pelvis.STL -> /home/carson/ros2_ws/src/gentact_descriptions/install/gentact_descriptions/share/gentact_descriptions/robots/h1-2/meshes
[1.163s] copying robots/h1-2/meshes/link14_R.STL -> /home/carson/ros2_ws/src/gentact_descriptions/install/gentact_descriptions/share/gentact_descriptions/robots/h1-2/meshes
[1.163s] copying robots/h1-2/meshes/R_index_proximal.STL -> /home/carson/ros2_ws/src/gentact_descriptions/install/gentact_descriptions/share/gentact_descriptions/robots/h1-2/meshes
[1.164s] copying robots/h1-2/meshes/right_ankle_B_rod_link.STL -> /home/carson/ros2_ws/src/gentact_descriptions/install/gentact_descriptions/share/gentact_descriptions/robots/h1-2/meshes
[1.164s] copying robots/h1-2/meshes/L_index_intermediate.STL -> /home/carson/ros2_ws/src/gentact_descriptions/install/gentact_descriptions/share/gentact_descriptions/robots/h1-2/meshes
[1.164s] copying robots/h1-2/meshes/R_thumb_intermediate.STL -> /home/carson/ros2_ws/src/gentact_descriptions/install/gentact_descriptions/share/gentact_descriptions/robots/h1-2/meshes
[1.164s] copying robots/h1-2/meshes/right_hand_link.STL -> /home/carson/ros2_ws/src/gentact_descriptions/install/gentact_descriptions/share/gentact_descriptions/robots/h1-2/meshes
[1.165s] copying robots/h1-2/meshes/L_thumb_intermediate.STL -> /home/carson/ros2_ws/src/gentact_descriptions/install/gentact_descriptions/share/gentact_descriptions/robots/h1-2/meshes
[1.165s] copying robots/h1-2/meshes/left_wrist_roll_link.STL -> /home/carson/ros2_ws/src/gentact_descriptions/install/gentact_descriptions/share/gentact_descriptions/robots/h1-2/meshes
[1.166s] copying robots/h1-2/meshes/L_pinky_proximal.STL -> /home/carson/ros2_ws/src/gentact_descriptions/install/gentact_descriptions/share/gentact_descriptions/robots/h1-2/meshes
[1.166s] copying robots/h1-2/meshes/link15_R.STL -> /home/carson/ros2_ws/src/gentact_descriptions/install/gentact_descriptions/share/gentact_descriptions/robots/h1-2/meshes
[1.167s] copying robots/h1-2/meshes/right_ankle_A_link.STL -> /home/carson/ros2_ws/src/gentact_descriptions/install/gentact_descriptions/share/gentact_descriptions/robots/h1-2/meshes
[1.167s] copying robots/h1-2/meshes/link13_L.STL -> /home/carson/ros2_ws/src/gentact_descriptions/install/gentact_descriptions/share/gentact_descriptions/robots/h1-2/meshes
[1.167s] copying robots/h1-2/meshes/left_ankle_roll_link.STL -> /home/carson/ros2_ws/src/gentact_descriptions/install/gentact_descriptions/share/gentact_descriptions/robots/h1-2/meshes
[1.168s] copying robots/h1-2/meshes/wrist_yaw_link.STL -> /home/carson/ros2_ws/src/gentact_descriptions/install/gentact_descriptions/share/gentact_descriptions/robots/h1-2/meshes
[1.168s] copying robots/h1-2/meshes/right_shoulder_yaw_link.STL -> /home/carson/ros2_ws/src/gentact_descriptions/install/gentact_descriptions/share/gentact_descriptions/robots/h1-2/meshes
[1.169s] copying robots/h1-2/meshes/R_middle_proximal.STL -> /home/carson/ros2_ws/src/gentact_descriptions/install/gentact_descriptions/share/gentact_descriptions/robots/h1-2/meshes
[1.170s] copying robots/h1-2/meshes/link19_R.STL -> /home/carson/ros2_ws/src/gentact_descriptions/install/gentact_descriptions/share/gentact_descriptions/robots/h1-2/meshes
[1.170s] copying robots/h1-2/meshes/right_elbow_link.STL -> /home/carson/ros2_ws/src/gentact_descriptions/install/gentact_descriptions/share/gentact_descriptions/robots/h1-2/meshes
[1.171s] copying robots/h1-2/meshes/link15_L.STL -> /home/carson/ros2_ws/src/gentact_descriptions/install/gentact_descriptions/share/gentact_descriptions/robots/h1-2/meshes
[1.171s] copying robots/h1-2/meshes/L_middle_intermediate.STL -> /home/carson/ros2_ws/src/gentact_descriptions/install/gentact_descriptions/share/gentact_descriptions/robots/h1-2/meshes
[1.172s] copying robots/h1-2/meshes/link16_R.STL -> /home/carson/ros2_ws/src/gentact_descriptions/install/gentact_descriptions/share/gentact_descriptions/robots/h1-2/meshes
[1.172s] copying robots/h1-2/meshes/left_hip_pitch_link.STL -> /home/carson/ros2_ws/src/gentact_descriptions/install/gentact_descriptions/share/gentact_descriptions/robots/h1-2/meshes
[1.173s] copying robots/h1-2/meshes/left_ankle_B_link.STL -> /home/carson/ros2_ws/src/gentact_descriptions/install/gentact_descriptions/share/gentact_descriptions/robots/h1-2/meshes
[1.173s] copying robots/h1-2/meshes/torso_link.STL -> /home/carson/ros2_ws/src/gentact_descriptions/install/gentact_descriptions/share/gentact_descriptions/robots/h1-2/meshes
[1.175s] copying robots/h1-2/meshes/R_middle_intermediate.STL -> /home/carson/ros2_ws/src/gentact_descriptions/install/gentact_descriptions/share/gentact_descriptions/robots/h1-2/meshes
[1.175s] copying robots/h1-2/meshes/left_ankle_A_link.STL -> /home/carson/ros2_ws/src/gentact_descriptions/install/gentact_descriptions/share/gentact_descriptions/robots/h1-2/meshes
[1.175s] copying robots/h1-2/meshes/L_middle_proximal.STL -> /home/carson/ros2_ws/src/gentact_descriptions/install/gentact_descriptions/share/gentact_descriptions/robots/h1-2/meshes
[1.175s] copying robots/h1-2/meshes/logo_link.STL -> /home/carson/ros2_ws/src/gentact_descriptions/install/gentact_descriptions/share/gentact_descriptions/robots/h1-2/meshes
[1.175s] copying robots/h1-2/meshes/L_thumb_distal.STL -> /home/carson/ros2_ws/src/gentact_descriptions/install/gentact_descriptions/share/gentact_descriptions/robots/h1-2/meshes
[1.176s] copying robots/h1-2/meshes/link17_R.STL -> /home/carson/ros2_ws/src/gentact_descriptions/install/gentact_descriptions/share/gentact_descriptions/robots/h1-2/meshes
[1.176s] copying robots/h1-2/meshes/L_ring_intermediate.STL -> /home/carson/ros2_ws/src/gentact_descriptions/install/gentact_descriptions/share/gentact_descriptions/robots/h1-2/meshes
[1.176s] copying robots/h1-2/meshes/link22_L.STL -> /home/carson/ros2_ws/src/gentact_descriptions/install/gentact_descriptions/share/gentact_descriptions/robots/h1-2/meshes
[1.177s] copying robots/h1-2/meshes/left_elbow_link.STL -> /home/carson/ros2_ws/src/gentact_descriptions/install/gentact_descriptions/share/gentact_descriptions/robots/h1-2/meshes
[1.178s] copying robots/h1-2/meshes/link18_L.STL -> /home/carson/ros2_ws/src/gentact_descriptions/install/gentact_descriptions/share/gentact_descriptions/robots/h1-2/meshes
[1.178s] copying robots/h1-2/meshes/left_shoulder_yaw_link.STL -> /home/carson/ros2_ws/src/gentact_descriptions/install/gentact_descriptions/share/gentact_descriptions/robots/h1-2/meshes
[1.179s] copying robots/h1-2/meshes/link14_L.STL -> /home/carson/ros2_ws/src/gentact_descriptions/install/gentact_descriptions/share/gentact_descriptions/robots/h1-2/meshes
[1.180s] copying robots/h1-2/meshes/link17_L.STL -> /home/carson/ros2_ws/src/gentact_descriptions/install/gentact_descriptions/share/gentact_descriptions/robots/h1-2/meshes
[1.180s] copying robots/h1-2/meshes/left_hip_roll_link.STL -> /home/carson/ros2_ws/src/gentact_descriptions/install/gentact_descriptions/share/gentact_descriptions/robots/h1-2/meshes
[1.180s] copying robots/h1-2/meshes/right_knee_link.STL -> /home/carson/ros2_ws/src/gentact_descriptions/install/gentact_descriptions/share/gentact_descriptions/robots/h1-2/meshes
[1.181s] copying robots/h1-2/meshes/link13_R.STL -> /home/carson/ros2_ws/src/gentact_descriptions/install/gentact_descriptions/share/gentact_descriptions/robots/h1-2/meshes
[1.181s] copying robots/h1-2/meshes/L_thumb_proximal.STL -> /home/carson/ros2_ws/src/gentact_descriptions/install/gentact_descriptions/share/gentact_descriptions/robots/h1-2/meshes
[1.182s] copying robots/h1-2/meshes/right_shoulder_roll_link.STL -> /home/carson/ros2_ws/src/gentact_descriptions/install/gentact_descriptions/share/gentact_descriptions/robots/h1-2/meshes
[1.183s] copying robots/h1-2/meshes/left_shoulder_pitch_link.STL -> /home/carson/ros2_ws/src/gentact_descriptions/install/gentact_descriptions/share/gentact_descriptions/robots/h1-2/meshes
[1.185s] copying robots/h1-2/meshes/link16_L.STL -> /home/carson/ros2_ws/src/gentact_descriptions/install/gentact_descriptions/share/gentact_descriptions/robots/h1-2/meshes
[1.185s] copying robots/h1-2/meshes/link21_L.STL -> /home/carson/ros2_ws/src/gentact_descriptions/install/gentact_descriptions/share/gentact_descriptions/robots/h1-2/meshes
[1.185s] copying robots/h1-2/meshes/link12_R.STL -> /home/carson/ros2_ws/src/gentact_descriptions/install/gentact_descriptions/share/gentact_descriptions/robots/h1-2/meshes
[1.186s] copying robots/h1-2/meshes/right_wrist_pitch_link.STL -> /home/carson/ros2_ws/src/gentact_descriptions/install/gentact_descriptions/share/gentact_descriptions/robots/h1-2/meshes
[1.187s] copying robots/h1-2/meshes/right_shoulder_pitch_link.STL -> /home/carson/ros2_ws/src/gentact_descriptions/install/gentact_descriptions/share/gentact_descriptions/robots/h1-2/meshes
[1.188s] copying robots/h1-2/meshes/left_shoulder_roll_link.STL -> /home/carson/ros2_ws/src/gentact_descriptions/install/gentact_descriptions/share/gentact_descriptions/robots/h1-2/meshes
[1.189s] copying robots/h1-2/meshes/right_wrist_roll_link.STL -> /home/carson/ros2_ws/src/gentact_descriptions/install/gentact_descriptions/share/gentact_descriptions/robots/h1-2/meshes
[1.190s] copying robots/h1-2/meshes/R_pinky_intermediate.STL -> /home/carson/ros2_ws/src/gentact_descriptions/install/gentact_descriptions/share/gentact_descriptions/robots/h1-2/meshes
[1.191s] copying robots/h1-2/meshes/left_wrist_pitch_link.STL -> /home/carson/ros2_ws/src/gentact_descriptions/install/gentact_descriptions/share/gentact_descriptions/robots/h1-2/meshes
[1.191s] copying robots/h1-2/meshes/L_index_proximal.STL -> /home/carson/ros2_ws/src/gentact_descriptions/install/gentact_descriptions/share/gentact_descriptions/robots/h1-2/meshes
[1.192s] copying robots/h1-2/meshes/R_thumb_proximal_base.STL -> /home/carson/ros2_ws/src/gentact_descriptions/install/gentact_descriptions/share/gentact_descriptions/robots/h1-2/meshes
[1.192s] copying robots/h1-2/meshes/right_ankle_link.STL -> /home/carson/ros2_ws/src/gentact_descriptions/install/gentact_descriptions/share/gentact_descriptions/robots/h1-2/meshes
[1.192s] copying robots/h1-2/meshes/left_ankle_A_rod_link.STL -> /home/carson/ros2_ws/src/gentact_descriptions/install/gentact_descriptions/share/gentact_descriptions/robots/h1-2/meshes
[1.192s] copying robots/h1-2/meshes/link12_L.STL -> /home/carson/ros2_ws/src/gentact_descriptions/install/gentact_descriptions/share/gentact_descriptions/robots/h1-2/meshes
[1.193s] copying robots/h1-2/meshes/L_ring_proximal.STL -> /home/carson/ros2_ws/src/gentact_descriptions/install/gentact_descriptions/share/gentact_descriptions/robots/h1-2/meshes
[1.193s] copying robots/h1-2/meshes/R_thumb_distal.STL -> /home/carson/ros2_ws/src/gentact_descriptions/install/gentact_descriptions/share/gentact_descriptions/robots/h1-2/meshes
[1.194s] copying robots/h1-2/meshes/left_hip_yaw_link.STL -> /home/carson/ros2_ws/src/gentact_descriptions/install/gentact_descriptions/share/gentact_descriptions/robots/h1-2/meshes
[1.194s] copying robots/h1-2/meshes/right_pitch_link.STL -> /home/carson/ros2_ws/src/gentact_descriptions/install/gentact_descriptions/share/gentact_descriptions/robots/h1-2/meshes
[1.195s] copying robots/h1-2/meshes/R_pinky_proximal.STL -> /home/carson/ros2_ws/src/gentact_descriptions/install/gentact_descriptions/share/gentact_descriptions/robots/h1-2/meshes
[1.195s] copying robots/h1-2/meshes/right_hip_pitch_link.STL -> /home/carson/ros2_ws/src/gentact_descriptions/install/gentact_descriptions/share/gentact_descriptions/robots/h1-2/meshes
[1.196s] copying robots/h1-2/meshes/left_ankle_pitch_link.STL -> /home/carson/ros2_ws/src/gentact_descriptions/install/gentact_descriptions/share/gentact_descriptions/robots/h1-2/meshes
[1.196s] copying robots/h1-2/meshes/left_knee_link.STL -> /home/carson/ros2_ws/src/gentact_descriptions/install/gentact_descriptions/share/gentact_descriptions/robots/h1-2/meshes
[1.196s] copying robots/h1-2/meshes/left_hand_link.STL -> /home/carson/ros2_ws/src/gentact_descriptions/install/gentact_descriptions/share/gentact_descriptions/robots/h1-2/meshes
[1.196s] copying robots/h1-2/meshes/link20_L.STL -> /home/carson/ros2_ws/src/gentact_descriptions/install/gentact_descriptions/share/gentact_descriptions/robots/h1-2/meshes
[1.197s] copying robots/h1-2/meshes/link18_R.STL -> /home/carson/ros2_ws/src/gentact_descriptions/install/gentact_descriptions/share/gentact_descriptions/robots/h1-2/meshes
[1.197s] copying robots/h1-2/meshes/link22_R.STL -> /home/carson/ros2_ws/src/gentact_descriptions/install/gentact_descriptions/share/gentact_descriptions/robots/h1-2/meshes
[1.197s] copying robots/h1-2/meshes/right_ankle_A_rod_link.STL -> /home/carson/ros2_ws/src/gentact_descriptions/install/gentact_descriptions/share/gentact_descriptions/robots/h1-2/meshes
[1.197s] copying robots/h1-2/meshes/L_pinky_intermediate.STL -> /home/carson/ros2_ws/src/gentact_descriptions/install/gentact_descriptions/share/gentact_descriptions/robots/h1-2/meshes
[1.198s] copying robots/h1-2/meshes/right_hip_yaw_link.STL -> /home/carson/ros2_ws/src/gentact_descriptions/install/gentact_descriptions/share/gentact_descriptions/robots/h1-2/meshes
[1.198s] copying robots/h1-2/meshes/link20_R.STL -> /home/carson/ros2_ws/src/gentact_descriptions/install/gentact_descriptions/share/gentact_descriptions/robots/h1-2/meshes
[1.199s] copying robots/h1-2/meshes/R_ring_intermediate.STL -> /home/carson/ros2_ws/src/gentact_descriptions/install/gentact_descriptions/share/gentact_descriptions/robots/h1-2/meshes
[1.199s] copying robots/h1-2/meshes/R_ring_proximal.STL -> /home/carson/ros2_ws/src/gentact_descriptions/install/gentact_descriptions/share/gentact_descriptions/robots/h1-2/meshes
[1.199s] copying robots/h1-2/meshes/link19_L.STL -> /home/carson/ros2_ws/src/gentact_descriptions/install/gentact_descriptions/share/gentact_descriptions/robots/h1-2/meshes
[1.200s] copying robots/h1-2/meshes/link21_R.STL -> /home/carson/ros2_ws/src/gentact_descriptions/install/gentact_descriptions/share/gentact_descriptions/robots/h1-2/meshes
[1.200s] copying robots/h1-2/meshes/link11_R.STL -> /home/carson/ros2_ws/src/gentact_descriptions/install/gentact_descriptions/share/gentact_descriptions/robots/h1-2/meshes
[1.200s] copying robots/h1-2/meshes/link11_L.STL -> /home/carson/ros2_ws/src/gentact_descriptions/install/gentact_descriptions/share/gentact_descriptions/robots/h1-2/meshes
[1.200s] creating /home/carson/ros2_ws/src/gentact_descriptions/install/gentact_descriptions/share/gentact_descriptions/robots/h1-2/meshes/skin
[1.200s] copying robots/h1-2/meshes/skin/shoulder_roll_R_skin.stl -> /home/carson/ros2_ws/src/gentact_descriptions/install/gentact_descriptions/share/gentact_descriptions/robots/h1-2/meshes/skin
[1.201s] copying robots/h1-2/meshes/skin/shoulder_yaw_L_skin.stl -> /home/carson/ros2_ws/src/gentact_descriptions/install/gentact_descriptions/share/gentact_descriptions/robots/h1-2/meshes/skin
[1.201s] copying robots/h1-2/meshes/skin/elbow_L_skin.stl -> /home/carson/ros2_ws/src/gentact_descriptions/install/gentact_descriptions/share/gentact_descriptions/robots/h1-2/meshes/skin
[1.201s] copying robots/h1-2/meshes/skin/shoulder_yaw_R_skin.stl -> /home/carson/ros2_ws/src/gentact_descriptions/install/gentact_descriptions/share/gentact_descriptions/robots/h1-2/meshes/skin
[1.201s] copying robots/h1-2/meshes/skin/torso_skin.stl -> /home/carson/ros2_ws/src/gentact_descriptions/install/gentact_descriptions/share/gentact_descriptions/robots/h1-2/meshes/skin
[1.202s] copying robots/h1-2/meshes/skin/shoulder_roll_L_skin.stl -> /home/carson/ros2_ws/src/gentact_descriptions/install/gentact_descriptions/share/gentact_descriptions/robots/h1-2/meshes/skin
[1.202s] copying robots/h1-2/meshes/skin/elbow_R_skin.stl -> /home/carson/ros2_ws/src/gentact_descriptions/install/gentact_descriptions/share/gentact_descriptions/robots/h1-2/meshes/skin
[1.203s] copying robots/h1-2/meshes/skin/head_skin.stl -> /home/carson/ros2_ws/src/gentact_descriptions/install/gentact_descriptions/share/gentact_descriptions/robots/h1-2/meshes/skin
[1.203s] creating /home/carson/ros2_ws/src/gentact_descriptions/install/gentact_descriptions/share/gentact_descriptions/robots/common
[1.203s] copying robots/common/utils.xacro -> /home/carson/ros2_ws/src/gentact_descriptions/install/gentact_descriptions/share/gentact_descriptions/robots/common
[1.203s] copying robots/common/franka_robot.xacro -> /home/carson/ros2_ws/src/gentact_descriptions/install/gentact_descriptions/share/gentact_descriptions/robots/common
[1.203s] copying robots/common/franka_arm.ros2_control.xacro -> /home/carson/ros2_ws/src/gentact_descriptions/install/gentact_descriptions/share/gentact_descriptions/robots/common
[1.203s] copying robots/common/franka_arm.xacro -> /home/carson/ros2_ws/src/gentact_descriptions/install/gentact_descriptions/share/gentact_descriptions/robots/common
[1.203s] copying robots/common/skin_unit_base.xacro -> /home/carson/ros2_ws/src/gentact_descriptions/install/gentact_descriptions/share/gentact_descriptions/robots/common
[1.203s] creating /home/carson/ros2_ws/src/gentact_descriptions/install/gentact_descriptions/share/gentact_descriptions/robots/skin
[1.203s] copying robots/skin/link1_fancy.xacro -> /home/carson/ros2_ws/src/gentact_descriptions/install/gentact_descriptions/share/gentact_descriptions/robots/skin
[1.203s] copying robots/skin/link1_base.xacro -> /home/carson/ros2_ws/src/gentact_descriptions/install/gentact_descriptions/share/gentact_descriptions/robots/skin
[1.204s] copying robots/skin/link6_fancy.xacro -> /home/carson/ros2_ws/src/gentact_descriptions/install/gentact_descriptions/share/gentact_descriptions/robots/skin
[1.204s] copying robots/skin/link6_big.xacro -> /home/carson/ros2_ws/src/gentact_descriptions/install/gentact_descriptions/share/gentact_descriptions/robots/skin
[1.204s] copying robots/skin/link2_fancy.xacro -> /home/carson/ros2_ws/src/gentact_descriptions/install/gentact_descriptions/share/gentact_descriptions/robots/skin
[1.204s] copying robots/skin/link4_base.xacro -> /home/carson/ros2_ws/src/gentact_descriptions/install/gentact_descriptions/share/gentact_descriptions/robots/skin
[1.204s] copying robots/skin/link6_base.xacro -> /home/carson/ros2_ws/src/gentact_descriptions/install/gentact_descriptions/share/gentact_descriptions/robots/skin
[1.204s] copying robots/skin/link4_fancy.xacro -> /home/carson/ros2_ws/src/gentact_descriptions/install/gentact_descriptions/share/gentact_descriptions/robots/skin
[1.204s] copying robots/skin/link2_base.xacro -> /home/carson/ros2_ws/src/gentact_descriptions/install/gentact_descriptions/share/gentact_descriptions/robots/skin
[1.204s] copying robots/skin/link3_base.xacro -> /home/carson/ros2_ws/src/gentact_descriptions/install/gentact_descriptions/share/gentact_descriptions/robots/skin
[1.204s] copying robots/skin/link5_base.xacro -> /home/carson/ros2_ws/src/gentact_descriptions/install/gentact_descriptions/share/gentact_descriptions/robots/skin
[1.204s] copying robots/skin/link5_fancy.xacro -> /home/carson/ros2_ws/src/gentact_descriptions/install/gentact_descriptions/share/gentact_descriptions/robots/skin
[1.204s] copying robots/skin/link5_spad.xacro -> /home/carson/ros2_ws/src/gentact_descriptions/install/gentact_descriptions/share/gentact_descriptions/robots/skin
[1.204s] copying robots/skin/link3_fancy.xacro -> /home/carson/ros2_ws/src/gentact_descriptions/install/gentact_descriptions/share/gentact_descriptions/robots/skin
[1.205s] creating /home/carson/ros2_ws/src/gentact_descriptions/install/gentact_descriptions/share/gentact_descriptions/end_effectors
[1.205s] creating /home/carson/ros2_ws/src/gentact_descriptions/install/gentact_descriptions/share/gentact_descriptions/end_effectors/common
[1.205s] copying end_effectors/common/utils.xacro -> /home/carson/ros2_ws/src/gentact_descriptions/install/gentact_descriptions/share/gentact_descriptions/end_effectors/common
[1.205s] copying end_effectors/common/ee_with_one_link.xacro -> /home/carson/ros2_ws/src/gentact_descriptions/install/gentact_descriptions/share/gentact_descriptions/end_effectors/common
[1.205s] copying end_effectors/common/franka_hand.xacro -> /home/carson/ros2_ws/src/gentact_descriptions/install/gentact_descriptions/share/gentact_descriptions/end_effectors/common
[1.205s] creating /home/carson/ros2_ws/src/gentact_descriptions/install/gentact_descriptions/share/gentact_descriptions/end_effectors/cobot_pump
[1.205s] copying end_effectors/cobot_pump/cobot_pump_arguments.xacro -> /home/carson/ros2_ws/src/gentact_descriptions/install/gentact_descriptions/share/gentact_descriptions/end_effectors/cobot_pump
[1.205s] copying end_effectors/cobot_pump/cobot_pump.urdf.xacro -> /home/carson/ros2_ws/src/gentact_descriptions/install/gentact_descriptions/share/gentact_descriptions/end_effectors/cobot_pump
[1.205s] copying end_effectors/cobot_pump/inertials.yaml -> /home/carson/ros2_ws/src/gentact_descriptions/install/gentact_descriptions/share/gentact_descriptions/end_effectors/cobot_pump
[1.205s] creating /home/carson/ros2_ws/src/gentact_descriptions/install/gentact_descriptions/share/gentact_descriptions/end_effectors/franka_hand
[1.205s] copying end_effectors/franka_hand/franka_hand_arguments.xacro -> /home/carson/ros2_ws/src/gentact_descriptions/install/gentact_descriptions/share/gentact_descriptions/end_effectors/franka_hand
[1.205s] copying end_effectors/franka_hand/franka_hand.urdf.xacro -> /home/carson/ros2_ws/src/gentact_descriptions/install/gentact_descriptions/share/gentact_descriptions/end_effectors/franka_hand
[1.205s] copying end_effectors/franka_hand/franka_hand.srdf.xacro -> /home/carson/ros2_ws/src/gentact_descriptions/install/gentact_descriptions/share/gentact_descriptions/end_effectors/franka_hand
[1.205s] copying end_effectors/franka_hand/inertials.yaml -> /home/carson/ros2_ws/src/gentact_descriptions/install/gentact_descriptions/share/gentact_descriptions/end_effectors/franka_hand
[1.206s] running install_egg_info
[1.220s] Copying build/gentact_descriptions/gentact_descriptions.egg-info to /home/carson/ros2_ws/src/gentact_descriptions/install/gentact_descriptions/lib/python3.10/site-packages/gentact_descriptions-0.0.0-py3.10.egg-info
[1.221s] running install_scripts
[1.270s] writing list of installed files to '/home/carson/ros2_ws/src/gentact_descriptions/build/gentact_descriptions/install.log'
[1.294s] Invoked command in '/home/carson/ros2_ws/src/gentact_descriptions' returned '0': CONDA_PROMPT_MODIFIER=(base) PYTHONPATH=/home/carson/ros2_ws/src/gentact_descriptions/build/gentact_descriptions/prefix_override:/usr/lib/python3/dist-packages/colcon_core/task/python/colcon_distutils_commands:/home/carson/ros2_ws/src/gentact_descriptions/install/gentact_descriptions/lib/python3.10/site-packages:${PYTHONPATH} /usr/bin/python3 -W ignore:setup.py install is deprecated -W ignore:easy_install command is deprecated setup.py egg_info --egg-base build/gentact_descriptions build --build-base /home/carson/ros2_ws/src/gentact_descriptions/build/gentact_descriptions/build install --record /home/carson/ros2_ws/src/gentact_descriptions/build/gentact_descriptions/install.log --single-version-externally-managed install_data
